
  .   ____          _            __ _ _
 /\\ / ___'_ __ _ _(_)_ __  __ _ \ \ \ \
( ( )\___ | '_ | '_| | '_ \/ _` | \ \ \ \
 \\/  ___)| |_)| | | | | || (_| |  ) ) ) )
  '  |____| .__|_| |_|_| |_\__, | / / / /
 =========|_|==============|___/=/_/_/_/
 :: Spring Boot ::       (v1.5.22.RELEASE)

WARNING: An illegal reflective access operation has occurred
WARNING: Illegal reflective access by org.codehaus.groovy.reflection.CachedClass (file:/home/zhaofangyuan/fisco/fisco-bcos-browser/deploy/server/lib/groovy-2.4.19-indy.jar) to method java.lang.Object.finalize()
WARNING: Please consider reporting this to the maintainers of org.codehaus.groovy.reflection.CachedClass
WARNING: Use --illegal-access=warn to enable warnings of further illegal reflective access operations
WARNING: All illegal access operations will be denied in a future release
8月 26, 2023 1:17:20 下午 org.apache.coyote.AbstractProtocol init
信息: Initializing ProtocolHandler ["http-nio-5101"]
8月 26, 2023 1:17:20 下午 org.apache.catalina.core.StandardService startInternal
信息: Starting service [Tomcat]
8月 26, 2023 1:17:20 下午 org.apache.catalina.core.StandardEngine startInternal
信息: Starting Servlet Engine: Apache Tomcat/8.5.43
8月 26, 2023 1:17:21 下午 org.apache.catalina.core.ApplicationContext log
信息: Initializing Spring embedded WebApplicationContext
Loading class `com.mysql.jdbc.Driver'. This is deprecated. The new driver class is `com.mysql.cj.jdbc.Driver'. The driver is automatically registered via the SPI and manual loading of the driver class is generally unnecessary.
8月 26, 2023 1:17:42 下午 org.apache.coyote.AbstractProtocol start
信息: Starting ProtocolHandler ["http-nio-5101"]
8月 26, 2023 1:17:42 下午 org.apache.tomcat.util.net.NioSelectorPool getSharedSelector
信息: Using a shared selector for servlet write/read
8月 26, 2023 1:18:29 下午 org.apache.catalina.core.ApplicationContext log
信息: Initializing Spring FrameworkServlet 'dispatcherServlet'
